Loading configuration from /var/www/html/wiki/config.yml... OK
2022-09-16T12:13:01.194Z [MASTER] [32minfo[39m: =======================================
2022-09-16T12:13:01.196Z [MASTER] [32minfo[39m: = Wiki.js 2.5.287 =====================
2022-09-16T12:13:01.196Z [MASTER] [32minfo[39m: =======================================
2022-09-16T12:13:01.197Z [MASTER] [32minfo[39m: Initializing...
2022-09-16T12:13:02.664Z [MASTER] [32minfo[39m: Using database driver mysql2 for mysql [ OK ]
2022-09-16T12:13:02.671Z [MASTER] [32minfo[39m: Connecting to database...
2022-09-16T12:13:02.723Z [MASTER] [32minfo[39m: Database Connection Successful [ OK ]
2022-09-16T12:13:04.230Z [MASTER] [33mwarn[39m: Mail is not setup! Please set the configuration in the administration area!
2022-09-16T12:13:04.485Z [MASTER] [32minfo[39m: Loading GraphQL Schema...
2022-09-16T12:13:06.672Z [MASTER] [32minfo[39m: GraphQL Schema: [ OK ]
2022-09-16T12:13:07.073Z [MASTER] [32minfo[39m: HTTP Server on port: [ 80 ]
2022-09-16T12:13:07.118Z [MASTER] [33mwarn[39m: listen EACCES: permission denied 0.0.0.0:80
2022-09-16T12:13:07.127Z [MASTER] [33mwarn[39m: EACCES: permission denied, unlink '/var/www/html/wiki/data/cache/b29b5d2ce62e55412776ab98f05631e0aa96597b.bin'
2022-09-16T12:13:07.293Z [MASTER] [32minfo[39m: No new analytics providers found: [ SKIPPED ]
2022-09-16T12:13:07.360Z [MASTER] [32minfo[39m: Loaded 21 authentication strategies: [ OK ]
2022-09-16T12:13:07.392Z [MASTER] [32minfo[39m: No new comment providers found: [ SKIPPED ]
2022-09-16T12:13:07.395Z [MASTER] [32minfo[39m: Telemetry is active: [ OK ]
2022-09-16T12:13:07.417Z [MASTER] [32minfo[39m: No new editors found: [ SKIPPED ]
2022-09-16T12:13:07.457Z [MASTER] [32minfo[39m: No new loggers found: [ SKIPPED ]
2022-09-16T12:13:07.523Z [MASTER] [32minfo[39m: No new renderers found: [ SKIPPED ]
2022-09-16T12:13:07.558Z [MASTER] [32minfo[39m: No new search engines found: [ SKIPPED ]
2022-09-16T12:13:07.607Z [MASTER] [32minfo[39m: No new storage targets found: [ SKIPPED ]
2022-09-16T12:13:07.609Z [MASTER] [32minfo[39m: Checking for installed optional extensions...
2022-09-16T12:13:07.628Z [MASTER] [32minfo[39m: Optional extension git is installed. [ OK ]
2022-09-16T12:13:07.641Z [MASTER] [32minfo[39m: Optional extension pandoc was not found on this system. [ SKIPPED ]
2022-09-16T12:13:07.653Z [MASTER] [32minfo[39m: Optional extension puppeteer was not found on this system. [ SKIPPED ]
2022-09-16T12:13:07.657Z [MASTER] [32minfo[39m: Optional extension sharp was not found on this system. [ SKIPPED ]
2022-09-16T12:13:07.667Z [MASTER] [32minfo[39m: Authentication Strategy Local: [ OK ]
2022-09-16T12:13:09.116Z [MASTER] [32minfo[39m: (COMMENTS/DEFAULT) Initializing...
2022-09-16T12:13:09.116Z [MASTER] [32minfo[39m: (COMMENTS/DEFAULT) Initialization completed.
2022-09-16T12:13:09.129Z [MASTER] [32minfo[39m: Purging orphaned upload files...
2022-09-16T12:13:09.131Z [MASTER] [32minfo[39m: Syncing locales with Graph endpoint...
2022-09-16T12:13:09.133Z [MASTER] [32minfo[39m: Fetching latest updates from Graph endpoint...
2022-09-16T12:13:09.172Z [MASTER] [32minfo[39m: Purging orphaned upload files: [ COMPLETED ]
2022-09-16T12:13:09.248Z [MASTER] [32minfo[39m: Fetching latest updates from Graph endpoint: [ COMPLETED ]
Loading configuration from /var/www/html/wiki/config.yml... OK
2022-09-16T12:13:09.458Z [MASTER] [32minfo[39m: Pulled latest locale updates for English from Graph endpoint: [ COMPLETED ]
2022-09-16T12:13:09.467Z [MASTER] [32minfo[39m: Syncing locales with Graph endpoint: [ COMPLETED ]
2022-09-16T12:13:09.571Z [JOB] [32minfo[39m: Rebuilding page tree...
2022-09-16T12:13:10.321Z [JOB] [32minfo[39m: Using database driver mysql2 for mysql [ OK ]
2022-09-16T12:13:10.458Z [JOB] [32minfo[39m: Rebuilding page tree: [ COMPLETED ]
2022-09-16T12:18:56.345Z [MASTER] [33mwarn[39m: Server is not running.
2022-09-16T12:18:56.360Z [MASTER] [33mwarn[39m: Server is not running.
Connection Error: Error: Connection lost: The server closed the connection.
Connection Error: Error: Connection lost: The server closed the connection.
2022-09-16T12:19:07.212Z [MASTER] [33mwarn[39m: connect ECONNREFUSED 127.0.0.1:3306
2022-09-16T12:20:07.270Z [MASTER] [33mwarn[39m: connect ECONNREFUSED 127.0.0.1:3306
